<?xml version="1.0" encoding="UTF-8"?>
<!-- Generated by org.testng.reporters.JUnitXMLReporter -->
<testsuite ignored="0" hostname="FVFHXHU3Q6LR" failures="0" tests="7" name="Default test" time="66.361" errors="0" timestamp="2024-11-26T13:12:30 IST">
  <testcase classname="com.fitpeo.testcases.RevenueCalcTest" name="navigateTOFitpeoHomePage" time="6.098"/>
  <testcase classname="com.fitpeo.testcases.RevenueCalcTest" name="navigateTORevnueCalcPage" time="22.353"/>
  <testcase classname="com.fitpeo.testcases.RevenueCalcTest" name="valdateNavigateToSliderSection" time="1.224"/>
  <testcase classname="com.fitpeo.testcases.RevenueCalcTest" name="validateAdjustTheSlider" time="5.462"/>
  <testcase classname="com.fitpeo.testcases.RevenueCalcTest" name="validateSliderTextFiled" time="9.379"/>
  <testcase classname="com.fitpeo.testcases.RevenueCalcTest" name="validateSelectCPTCodes" time="6.354"/>
  <testcase classname="com.fitpeo.testcases.RevenueCalcTest" name="validateTotalrecurringAmnt" time="5.808"/>
</testsuite> <!-- Default test -->
