<?xml version="1.0" encoding="UTF-8"?>
<!-- Generated by org.testng.reporters.JUnitXMLReporter -->
<testsuite ignored="0" hostname="FVFHXHU3Q6LR" failures="0" tests="7" name="Default test" time="65.46" errors="0" timestamp="2024-11-27T11:20:49 IST">
  <testcase classname="com.fitpeo.testcases.RevenueCalcTest" name="navigateTOFitpeoHomePage" time="5.645"/>
  <testcase classname="com.fitpeo.testcases.RevenueCalcTest" name="navigateTORevnueCalcPage" time="21.209"/>
  <testcase classname="com.fitpeo.testcases.RevenueCalcTest" name="valdateNavigateToSliderSection" time="1.415"/>
  <testcase classname="com.fitpeo.testcases.RevenueCalcTest" name="validateAdjustTheSlider" time="5.497"/>
  <testcase classname="com.fitpeo.testcases.RevenueCalcTest" name="validateSliderTextFiled" time="9.635"/>
  <testcase classname="com.fitpeo.testcases.RevenueCalcTest" name="validateSelectCPTCodes" time="6.268"/>
  <testcase classname="com.fitpeo.testcases.RevenueCalcTest" name="validateTotalrecurringAmnt" time="5.47"/>
</testsuite> <!-- Default test -->
