<?xml version="1.0" encoding="UTF-8"?>
<!-- Generated by org.testng.reporters.JUnitXMLReporter -->
<testsuite ignored="0" hostname="FVFHXHU3Q6LR" failures="0" tests="7" name="Test" time="69.687" errors="0" timestamp="2024-11-27T12:08:35 IST">
  <testcase classname="com.fitpeo.testcases.RevenueCalcTest" name="navigateTOFitpeoHomePage" time="5.804"/>
  <testcase classname="com.fitpeo.testcases.RevenueCalcTest" name="navigateTORevnueCalcPage" time="21.593"/>
  <testcase classname="com.fitpeo.testcases.RevenueCalcTest" name="valdateNavigateToSliderSection" time="2.388"/>
  <testcase classname="com.fitpeo.testcases.RevenueCalcTest" name="validateAdjustTheSlider" time="5.42"/>
  <testcase classname="com.fitpeo.testcases.RevenueCalcTest" name="validateSliderTextFiled" time="9.938"/>
  <testcase classname="com.fitpeo.testcases.RevenueCalcTest" name="validateSelectCPTCodes" time="4.55"/>
  <testcase classname="com.fitpeo.testcases.RevenueCalcTest" name="validateTotalrecurringAmnt" time="8.241"/>
</testsuite> <!-- Test -->
