<?xml version="1.0" encoding="UTF-8"?>
<!-- Generated by org.testng.reporters.JUnitXMLReporter -->
<testsuite ignored="0" hostname="FVFHXHU3Q6LR" failures="0" tests="7" name="Test" time="66.091" errors="0" timestamp="2024-11-27T11:25:36 IST">
  <testcase classname="com.fitpeo.testcases.RevenueCalcTest" name="navigateTOFitpeoHomePage" time="6.018"/>
  <testcase classname="com.fitpeo.testcases.RevenueCalcTest" name="navigateTORevnueCalcPage" time="23.258"/>
  <testcase classname="com.fitpeo.testcases.RevenueCalcTest" name="valdateNavigateToSliderSection" time="2.297"/>
  <testcase classname="com.fitpeo.testcases.RevenueCalcTest" name="validateAdjustTheSlider" time="5.407"/>
  <testcase classname="com.fitpeo.testcases.RevenueCalcTest" name="validateSliderTextFiled" time="9.87"/>
  <testcase classname="com.fitpeo.testcases.RevenueCalcTest" name="validateSelectCPTCodes" time="6.139"/>
  <testcase classname="com.fitpeo.testcases.RevenueCalcTest" name="validateTotalrecurringAmnt" time="5.684"/>
</testsuite> <!-- Test -->
