<?xml version="1.0" encoding="UTF-8"?>
<testng-results ignored="0" total="7" passed="7" failed="0" skipped="0">
  <reporter-output>
  </reporter-output>
  <suite started-at="2024-11-26T13:11:24 IST" name="Default suite" finished-at="2024-11-26T13:12:30 IST" duration-ms="66361">
    <groups>
    </groups>
    <test started-at="2024-11-26T13:11:24 IST" name="Default test" finished-at="2024-11-26T13:12:30 IST" duration-ms="66361">
      <class name="com.fitpeo.testcases.RevenueCalcTest">
        <test-method is-config="true" signature="inti()[pri:0, instance:com.fitpeo.testcases.RevenueCalcTest@5149d738]" started-at="2024-11-26T13:11:24 IST" name="inti" finished-at="2024-11-26T13:11:33 IST" duration-ms="9528" status="PASS">
          <reporter-output>
          </reporter-output>
        </test-method> <!-- inti -->
        <test-method signature="navigateTOFitpeoHomePage()[pri:1, instance:com.fitpeo.testcases.RevenueCalcTest@5149d738]" started-at="2024-11-26T13:11:33 IST" name="navigateTOFitpeoHomePage" finished-at="2024-11-26T13:11:39 IST" duration-ms="6098" status="PASS">
          <reporter-output>
          </reporter-output>
        </test-method> <!-- navigateTOFitpeoHomePage -->
        <test-method signature="navigateTORevnueCalcPage()[pri:2, instance:com.fitpeo.testcases.RevenueCalcTest@5149d738]" started-at="2024-11-26T13:11:39 IST" name="navigateTORevnueCalcPage" finished-at="2024-11-26T13:12:02 IST" duration-ms="22353" status="PASS">
          <reporter-output>
          </reporter-output>
        </test-method> <!-- navigateTORevnueCalcPage -->
        <test-method signature="valdateNavigateToSliderSection()[pri:3, instance:com.fitpeo.testcases.RevenueCalcTest@5149d738]" started-at="2024-11-26T13:12:02 IST" name="valdateNavigateToSliderSection" finished-at="2024-11-26T13:12:03 IST" duration-ms="1224" status="PASS">
          <reporter-output>
          </reporter-output>
        </test-method> <!-- valdateNavigateToSliderSection -->
        <test-method signature="validateAdjustTheSlider()[pri:4, instance:com.fitpeo.testcases.RevenueCalcTest@5149d738]" started-at="2024-11-26T13:12:03 IST" name="validateAdjustTheSlider" finished-at="2024-11-26T13:12:08 IST" duration-ms="5462" status="PASS">
          <reporter-output>
          </reporter-output>
        </test-method> <!-- validateAdjustTheSlider -->
        <test-method signature="validateSliderTextFiled()[pri:5, instance:com.fitpeo.testcases.RevenueCalcTest@5149d738]" started-at="2024-11-26T13:12:08 IST" name="validateSliderTextFiled" finished-at="2024-11-26T13:12:18 IST" duration-ms="9379" status="PASS">
          <reporter-output>
          </reporter-output>
        </test-method> <!-- validateSliderTextFiled -->
        <test-method signature="validateSelectCPTCodes([Ljava.lang.String;)[pri:6, instance:com.fitpeo.testcases.RevenueCalcTest@5149d738]" started-at="2024-11-26T13:12:18 IST" name="validateSelectCPTCodes" data-provider="cptCodeArray" finished-at="2024-11-26T13:12:24 IST" duration-ms="6354" status="PASS">
          <params>
            <param index="0">
              <value>
                <![CDATA[[Ljava.lang.String;@67110f71]]>
              </value>
            </param>
          </params>
          <reporter-output>
          </reporter-output>
        </test-method> <!-- validateSelectCPTCodes -->
        <test-method signature="validateTotalrecurringAmnt()[pri:7, instance:com.fitpeo.testcases.RevenueCalcTest@5149d738]" started-at="2024-11-26T13:12:24 IST" name="validateTotalrecurringAmnt" finished-at="2024-11-26T13:12:30 IST" duration-ms="5808" status="PASS">
          <reporter-output>
          </reporter-output>
        </test-method> <!-- validateTotalrecurringAmnt -->
      </class> <!-- com.fitpeo.testcases.RevenueCalcTest -->
    </test> <!-- Default test -->
  </suite> <!-- Default suite -->
</testng-results>
