<?xml version="1.0" encoding="UTF-8"?>
<testng-results ignored="0" total="7" passed="7" failed="0" skipped="0">
  <reporter-output>
  </reporter-output>
  <suite started-at="2024-11-27T12:07:25 IST" name="Suite" finished-at="2024-11-27T12:08:35 IST" duration-ms="69687">
    <groups>
    </groups>
    <test started-at="2024-11-27T12:07:25 IST" name="Test" finished-at="2024-11-27T12:08:35 IST" duration-ms="69687">
      <class name="com.fitpeo.testcases.RevenueCalcTest">
        <test-method is-config="true" signature="inti()[pri:0, instance:com.fitpeo.testcases.RevenueCalcTest@33065d67]" started-at="2024-11-27T12:07:25 IST" name="inti" finished-at="2024-11-27T12:07:37 IST" duration-ms="11597" status="PASS">
          <reporter-output>
          </reporter-output>
        </test-method> <!-- inti -->
        <test-method signature="navigateTOFitpeoHomePage()[pri:1, instance:com.fitpeo.testcases.RevenueCalcTest@33065d67]" started-at="2024-11-27T12:07:37 IST" name="navigateTOFitpeoHomePage" finished-at="2024-11-27T12:07:43 IST" duration-ms="5804" status="PASS">
          <reporter-output>
          </reporter-output>
        </test-method> <!-- navigateTOFitpeoHomePage -->
        <test-method signature="navigateTORevnueCalcPage()[pri:2, instance:com.fitpeo.testcases.RevenueCalcTest@33065d67]" started-at="2024-11-27T12:07:43 IST" name="navigateTORevnueCalcPage" finished-at="2024-11-27T12:08:04 IST" duration-ms="21593" status="PASS">
          <reporter-output>
          </reporter-output>
        </test-method> <!-- navigateTORevnueCalcPage -->
        <test-method signature="valdateNavigateToSliderSection()[pri:3, instance:com.fitpeo.testcases.RevenueCalcTest@33065d67]" started-at="2024-11-27T12:08:04 IST" name="valdateNavigateToSliderSection" finished-at="2024-11-27T12:08:07 IST" duration-ms="2388" status="PASS">
          <reporter-output>
          </reporter-output>
        </test-method> <!-- valdateNavigateToSliderSection -->
        <test-method signature="validateAdjustTheSlider()[pri:4, instance:com.fitpeo.testcases.RevenueCalcTest@33065d67]" started-at="2024-11-27T12:08:07 IST" name="validateAdjustTheSlider" finished-at="2024-11-27T12:08:12 IST" duration-ms="5420" status="PASS">
          <reporter-output>
          </reporter-output>
        </test-method> <!-- validateAdjustTheSlider -->
        <test-method signature="validateSliderTextFiled()[pri:5, instance:com.fitpeo.testcases.RevenueCalcTest@33065d67]" started-at="2024-11-27T12:08:12 IST" name="validateSliderTextFiled" finished-at="2024-11-27T12:08:22 IST" duration-ms="9938" status="PASS">
          <reporter-output>
          </reporter-output>
        </test-method> <!-- validateSliderTextFiled -->
        <test-method signature="validateSelectCPTCodes([Ljava.lang.String;)[pri:6, instance:com.fitpeo.testcases.RevenueCalcTest@33065d67]" started-at="2024-11-27T12:08:22 IST" name="validateSelectCPTCodes" data-provider="cptCodeArray" finished-at="2024-11-27T12:08:27 IST" duration-ms="4550" status="PASS">
          <params>
            <param index="0">
              <value>
                <![CDATA[[Ljava.lang.String;@58b67519]]>
              </value>
            </param>
          </params>
          <reporter-output>
          </reporter-output>
        </test-method> <!-- validateSelectCPTCodes -->
        <test-method signature="validateTotalrecurringAmnt()[pri:7, instance:com.fitpeo.testcases.RevenueCalcTest@33065d67]" started-at="2024-11-27T12:08:27 IST" name="validateTotalrecurringAmnt" finished-at="2024-11-27T12:08:35 IST" duration-ms="8241" status="PASS">
          <reporter-output>
          </reporter-output>
        </test-method> <!-- validateTotalrecurringAmnt -->
        <test-method is-config="true" signature="teardown()[pri:0, instance:com.fitpeo.testcases.RevenueCalcTest@33065d67]" started-at="2024-11-27T12:08:35 IST" name="teardown" finished-at="2024-11-27T12:08:35 IST" duration-ms="194" status="PASS">
          <reporter-output>
          </reporter-output>
        </test-method> <!-- teardown -->
      </class> <!-- com.fitpeo.testcases.RevenueCalcTest -->
    </test> <!-- Test -->
  </suite> <!-- Suite -->
</testng-results>
